Determining if the pthread_create exist failed with the following output:
Change Dir: /home/bci/ros_powerball/build/joint_limits_interface/CMakeFiles/CMakeTmp

Run Build Command:"/usr/bin/make" "cmTC_33d75/fast"
/usr/bin/make -f CMakeFiles/cmTC_33d75.dir/build.make CMakeFiles/cmTC_33d75.dir/build
make[1]: Entering directory '/home/bci/ros_powerball/build/joint_limits_interface/CMakeFiles/CMakeTmp'
Building C object CMakeFiles/cmTC_33d75.dir/CheckSymbolExists.c.o
/usr/bin/cc     -o CMakeFiles/cmTC_33d75.dir/CheckSymbolExists.c.o   -c /home/bci/ros_powerball/build/joint_limits_interface/CMakeFiles/CMakeTmp/CheckSymbolExists.c
Linking C executable cmTC_33d75
/usr/bin/cmake -E cmake_link_script CMakeFiles/cmTC_33d75.dir/link.txt --verbose=1
/usr/bin/cc       CMakeFiles/cmTC_33d75.dir/CheckSymbolExists.c.o  -o cmTC_33d75 -rdynamic 
CMakeFiles/cmTC_33d75.dir/CheckSymbolExists.c.o: In function `main':
CheckSymbolExists.c:(.text+0x16): undefined reference to `pthread_create'
collect2: error: ld returned 1 exit status
CMakeFiles/cmTC_33d75.dir/build.make:97: recipe for target 'cmTC_33d75' failed
make[1]: *** [cmTC_33d75] Error 1
make[1]: Leaving directory '/home/bci/ros_powerball/build/joint_limits_interface/CMakeFiles/CMakeTmp'
Makefile:126: recipe for target 'cmTC_33d75/fast' failed
make: *** [cmTC_33d75/fast] Error 2

File /home/bci/ros_powerball/build/joint_limits_interface/CMakeFiles/CMakeTmp/CheckSymbolExists.c:
/* */
#include <pthread.h>

int main(int argc, char** argv)
{
  (void)argv;
#ifndef pthread_create
  return ((int*)(&pthread_create))[argc];
#else
  (void)argc;
  return 0;
#endif
}

Determining if the function pthread_create exists in the pthreads failed with the following output:
Change Dir: /home/bci/ros_powerball/build/joint_limits_interface/CMakeFiles/CMakeTmp

Run Build Command:"/usr/bin/make" "cmTC_ee0a0/fast"
/usr/bin/make -f CMakeFiles/cmTC_ee0a0.dir/build.make CMakeFiles/cmTC_ee0a0.dir/build
make[1]: Entering directory '/home/bci/ros_powerball/build/joint_limits_interface/CMakeFiles/CMakeTmp'
Building C object CMakeFiles/cmTC_ee0a0.dir/CheckFunctionExists.c.o
/usr/bin/cc    -DCHECK_FUNCTION_EXISTS=pthread_create   -o CMakeFiles/cmTC_ee0a0.dir/CheckFunctionExists.c.o   -c /usr/share/cmake-3.5/Modules/CheckFunctionExists.c
Linking C executable cmTC_ee0a0
/usr/bin/cmake -E cmake_link_script CMakeFiles/cmTC_ee0a0.dir/link.txt --verbose=1
/usr/bin/cc   -DCHECK_FUNCTION_EXISTS=pthread_create    CMakeFiles/cmTC_ee0a0.dir/CheckFunctionExists.c.o  -o cmTC_ee0a0 -rdynamic -lpthreads 
/usr/bin/ld: cannot find -lpthreads
collect2: error: ld returned 1 exit status
CMakeFiles/cmTC_ee0a0.dir/build.make:97: recipe for target 'cmTC_ee0a0' failed
make[1]: *** [cmTC_ee0a0] Error 1
make[1]: Leaving directory '/home/bci/ros_powerball/build/joint_limits_interface/CMakeFiles/CMakeTmp'
Makefile:126: recipe for target 'cmTC_ee0a0/fast' failed
make: *** [cmTC_ee0a0/fast] Error 2


