[  0%] Built target _canopen_chain_node_generate_messages_check_deps_SetObject
[  0%] Built target _canopen_chain_node_generate_messages_check_deps_GetObject
[  0%] Built target rosgraph_msgs_generate_messages_eus
[  0%] Built target roscpp_generate_messages_py
[  0%] Built target rosgraph_msgs_generate_messages_lisp
[  0%] Built target std_srvs_generate_messages_cpp
[  0%] Built target std_msgs_generate_messages_py
[  0%] Built target std_srvs_generate_messages_py
[  0%] Built target std_msgs_generate_messages_eus
[  0%] Built target roscpp_generate_messages_lisp
[  0%] Built target std_srvs_generate_messages_lisp
[  0%] Built target roscpp_generate_messages_cpp
[  0%] Built target std_msgs_generate_messages_cpp
[  0%] Built target rosgraph_msgs_generate_messages_cpp
[  0%] Built target diagnostic_msgs_generate_messages_eus
[  0%] Built target std_msgs_generate_messages_lisp
[  0%] Built target diagnostic_msgs_generate_messages_cpp
[ 11%] Built target canopen_chain_node_generate_messages_nodejs
[ 11%] Built target diagnostic_msgs_generate_messages_lisp
[ 11%] Built target roscpp_generate_messages_eus
[ 11%] Built target diagnostic_msgs_generate_messages_nodejs
[ 11%] Built target std_msgs_generate_messages_nodejs
[ 11%] Built target rosgraph_msgs_generate_messages_py
[ 11%] Built target diagnostic_msgs_generate_messages_py
[ 11%] Built target roscpp_generate_messages_nodejs
[ 11%] Built target rosgraph_msgs_generate_messages_nodejs
[ 11%] Built target std_srvs_generate_messages_eus
[ 11%] Built target std_srvs_generate_messages_nodejs
[ 22%] Built target canopen_chain_node_generate_messages_cpp
[ 38%] Built target canopen_chain_node_generate_messages_eus
[ 50%] Built target canopen_chain_node_generate_messages_lisp
[ 66%] Built target canopen_chain_node_generate_messages_py
[ 77%] Built target canopen_sync_node
[ 77%] Built target canopen_chain_node_generate_messages
[ 88%] Built target canopen_ros_chain
[100%] Built target canopen_chain_node
