[35m[1mScanning dependencies of target _canopen_chain_node_generate_messages_check_deps_SetObject[0m
[  0%] Built target _canopen_chain_node_generate_messages_check_deps_SetObject
[35m[1mScanning dependencies of target _canopen_chain_node_generate_messages_check_deps_GetObject[0m
[  0%] Built target _canopen_chain_node_generate_messages_check_deps_GetObject
[35m[1mScanning dependencies of target rosgraph_msgs_generate_messages_eus[0m
[  0%] Built target rosgraph_msgs_generate_messages_eus
[35m[1mScanning dependencies of target roscpp_generate_messages_py[0m
[  0%] Built target roscpp_generate_messages_py
[35m[1mScanning dependencies of target rosgraph_msgs_generate_messages_lisp[0m
[  0%] Built target rosgraph_msgs_generate_messages_lisp
[35m[1mScanning dependencies of target std_srvs_generate_messages_cpp[0m
[  0%] Built target std_srvs_generate_messages_cpp
[35m[1mScanning dependencies of target std_msgs_generate_messages_py[0m
[  0%] Built target std_msgs_generate_messages_py
[35m[1mScanning dependencies of target std_srvs_generate_messages_py[0m
[  0%] Built target std_srvs_generate_messages_py
[35m[1mScanning dependencies of target std_msgs_generate_messages_eus[0m
[  0%] Built target std_msgs_generate_messages_eus
[35m[1mScanning dependencies of target roscpp_generate_messages_lisp[0m
[  0%] Built target roscpp_generate_messages_lisp
[35m[1mScanning dependencies of target std_srvs_generate_messages_lisp[0m
[  0%] Built target std_srvs_generate_messages_lisp
[35m[1mScanning dependencies of target roscpp_generate_messages_cpp[0m
[  0%] Built target roscpp_generate_messages_cpp
[35m[1mScanning dependencies of target std_msgs_generate_messages_cpp[0m
[  0%] Built target std_msgs_generate_messages_cpp
[35m[1mScanning dependencies of target rosgraph_msgs_generate_messages_cpp[0m
[  0%] Built target rosgraph_msgs_generate_messages_cpp
[35m[1mScanning dependencies of target diagnostic_msgs_generate_messages_eus[0m
[  0%] Built target diagnostic_msgs_generate_messages_eus
[35m[1mScanning dependencies of target std_msgs_generate_messages_lisp[0m
[  0%] Built target std_msgs_generate_messages_lisp
[35m[1mScanning dependencies of target diagnostic_msgs_generate_messages_cpp[0m
[  0%] Built target diagnostic_msgs_generate_messages_cpp
[35m[1mScanning dependencies of target canopen_chain_node_generate_messages_nodejs[0m
[  5%] [34m[1mGenerating Javascript code from canopen_chain_node/SetObject.srv[0m
[ 11%] [34m[1mGenerating Javascript code from canopen_chain_node/GetObject.srv[0m
[ 11%] Built target canopen_chain_node_generate_messages_nodejs
[35m[1mScanning dependencies of target roscpp_generate_messages_eus[0m
[ 11%] Built target roscpp_generate_messages_eus
[35m[1mScanning dependencies of target diagnostic_msgs_generate_messages_lisp[0m
[ 11%] Built target diagnostic_msgs_generate_messages_lisp
[35m[1mScanning dependencies of target diagnostic_msgs_generate_messages_nodejs[0m
[ 11%] Built target diagnostic_msgs_generate_messages_nodejs
[35m[1mScanning dependencies of target std_msgs_generate_messages_nodejs[0m
[ 11%] Built target std_msgs_generate_messages_nodejs
[35m[1mScanning dependencies of target rosgraph_msgs_generate_messages_py[0m
[ 11%] Built target rosgraph_msgs_generate_messages_py
[35m[1mScanning dependencies of target diagnostic_msgs_generate_messages_py[0m
[ 11%] Built target diagnostic_msgs_generate_messages_py
[35m[1mScanning dependencies of target roscpp_generate_messages_nodejs[0m
[ 11%] Built target roscpp_generate_messages_nodejs
[35m[1mScanning dependencies of target rosgraph_msgs_generate_messages_nodejs[0m
[ 11%] Built target rosgraph_msgs_generate_messages_nodejs
[35m[1mScanning dependencies of target std_srvs_generate_messages_eus[0m
[ 11%] Built target std_srvs_generate_messages_eus
[35m[1mScanning dependencies of target std_srvs_generate_messages_nodejs[0m
[ 11%] Built target std_srvs_generate_messages_nodejs
[35m[1mScanning dependencies of target canopen_chain_node_generate_messages_cpp[0m
[ 16%] [34m[1mGenerating C++ code from canopen_chain_node/SetObject.srv[0m
[ 22%] [34m[1mGenerating C++ code from canopen_chain_node/GetObject.srv[0m
[ 22%] Built target canopen_chain_node_generate_messages_cpp
[35m[1mScanning dependencies of target canopen_chain_node_generate_messages_eus[0m
[ 27%] [34m[1mGenerating EusLisp code from canopen_chain_node/SetObject.srv[0m
[ 33%] [34m[1mGenerating EusLisp code from canopen_chain_node/GetObject.srv[0m
[ 38%] [34m[1mGenerating EusLisp manifest code for canopen_chain_node[0m
[ 38%] Built target canopen_chain_node_generate_messages_eus
[35m[1mScanning dependencies of target canopen_chain_node_generate_messages_lisp[0m
[ 44%] [34m[1mGenerating Lisp code from canopen_chain_node/SetObject.srv[0m
[ 50%] [34m[1mGenerating Lisp code from canopen_chain_node/GetObject.srv[0m
[ 50%] Built target canopen_chain_node_generate_messages_lisp
[35m[1mScanning dependencies of target canopen_sync_node[0m
[ 55%] [32mBuilding CXX object CMakeFiles/canopen_sync_node.dir/src/sync_node.cpp.o[0m
[ 61%] [32m[1mLinking CXX executable /home/bci/ros_powerball/devel/.private/canopen_chain_node/lib/canopen_chain_node/canopen_sync_node[0m
[ 61%] Built target canopen_sync_node
[35m[1mScanning dependencies of target canopen_chain_node_generate_messages_py[0m
[ 66%] [34m[1mGenerating Python code from SRV canopen_chain_node/SetObject[0m
[ 72%] [34m[1mGenerating Python code from SRV canopen_chain_node/GetObject[0m
[ 77%] [34m[1mGenerating Python srv __init__.py for canopen_chain_node[0m
[ 77%] Built target canopen_chain_node_generate_messages_py
[35m[1mScanning dependencies of target canopen_ros_chain[0m
[ 83%] [32mBuilding CXX object CMakeFiles/canopen_ros_chain.dir/src/ros_chain.cpp.o[0m
[ 88%] [32m[1mLinking CXX shared library /home/bci/ros_powerball/devel/.private/canopen_chain_node/lib/libcanopen_ros_chain.so[0m
[ 88%] Built target canopen_ros_chain
[35m[1mScanning dependencies of target canopen_chain_node_generate_messages[0m
[ 88%] Built target canopen_chain_node_generate_messages
[35m[1mScanning dependencies of target canopen_chain_node[0m
[ 94%] [32mBuilding CXX object CMakeFiles/canopen_chain_node.dir/src/chain_node.cpp.o[0m
[100%] [32m[1mLinking CXX executable /home/bci/ros_powerball/devel/.private/canopen_chain_node/lib/canopen_chain_node/canopen_chain_node[0m
[100%] Built target canopen_chain_node
