Determining if the pthread_create exist failed with the following output:
Change Dir: /home/bci/ros_powerball/build/canopen_master/CMakeFiles/CMakeTmp

Run Build Command:"/usr/bin/make" "cmTC_60857/fast"
/usr/bin/make -f CMakeFiles/cmTC_60857.dir/build.make CMakeFiles/cmTC_60857.dir/build
make[1]: Entering directory '/home/bci/ros_powerball/build/canopen_master/CMakeFiles/CMakeTmp'
Building C object CMakeFiles/cmTC_60857.dir/CheckSymbolExists.c.o
/usr/bin/cc     -o CMakeFiles/cmTC_60857.dir/CheckSymbolExists.c.o   -c /home/bci/ros_powerball/build/canopen_master/CMakeFiles/CMakeTmp/CheckSymbolExists.c
Linking C executable cmTC_60857
/usr/bin/cmake -E cmake_link_script CMakeFiles/cmTC_60857.dir/link.txt --verbose=1
/usr/bin/cc       CMakeFiles/cmTC_60857.dir/CheckSymbolExists.c.o  -o cmTC_60857 -rdynamic 
CMakeFiles/cmTC_60857.dir/CheckSymbolExists.c.o: In function `main':
CheckSymbolExists.c:(.text+0x16): undefined reference to `pthread_create'
collect2: error: ld returned 1 exit status
CMakeFiles/cmTC_60857.dir/build.make:97: recipe for target 'cmTC_60857' failed
make[1]: *** [cmTC_60857] Error 1
make[1]: Leaving directory '/home/bci/ros_powerball/build/canopen_master/CMakeFiles/CMakeTmp'
Makefile:126: recipe for target 'cmTC_60857/fast' failed
make: *** [cmTC_60857/fast] Error 2

File /home/bci/ros_powerball/build/canopen_master/CMakeFiles/CMakeTmp/CheckSymbolExists.c:
/* */
#include <pthread.h>

int main(int argc, char** argv)
{
  (void)argv;
#ifndef pthread_create
  return ((int*)(&pthread_create))[argc];
#else
  (void)argc;
  return 0;
#endif
}

Determining if the function pthread_create exists in the pthreads failed with the following output:
Change Dir: /home/bci/ros_powerball/build/canopen_master/CMakeFiles/CMakeTmp

Run Build Command:"/usr/bin/make" "cmTC_f0666/fast"
/usr/bin/make -f CMakeFiles/cmTC_f0666.dir/build.make CMakeFiles/cmTC_f0666.dir/build
make[1]: Entering directory '/home/bci/ros_powerball/build/canopen_master/CMakeFiles/CMakeTmp'
Building C object CMakeFiles/cmTC_f0666.dir/CheckFunctionExists.c.o
/usr/bin/cc    -DCHECK_FUNCTION_EXISTS=pthread_create   -o CMakeFiles/cmTC_f0666.dir/CheckFunctionExists.c.o   -c /usr/share/cmake-3.5/Modules/CheckFunctionExists.c
Linking C executable cmTC_f0666
/usr/bin/cmake -E cmake_link_script CMakeFiles/cmTC_f0666.dir/link.txt --verbose=1
/usr/bin/cc   -DCHECK_FUNCTION_EXISTS=pthread_create    CMakeFiles/cmTC_f0666.dir/CheckFunctionExists.c.o  -o cmTC_f0666 -rdynamic -lpthreads 
/usr/bin/ld: cannot find -lpthreads
collect2: error: ld returned 1 exit status
CMakeFiles/cmTC_f0666.dir/build.make:97: recipe for target 'cmTC_f0666' failed
make[1]: *** [cmTC_f0666] Error 1
make[1]: Leaving directory '/home/bci/ros_powerball/build/canopen_master/CMakeFiles/CMakeTmp'
Makefile:126: recipe for target 'cmTC_f0666/fast' failed
make: *** [cmTC_f0666/fast] Error 2


