Determining if the pthread_create exist failed with the following output:
Change Dir: /home/bci/ros_powerball/build/schunk_lwa4p/CMakeFiles/CMakeTmp

Run Build Command:"/usr/bin/make" "cmTC_4375c/fast"
/usr/bin/make -f CMakeFiles/cmTC_4375c.dir/build.make CMakeFiles/cmTC_4375c.dir/build
make[1]: Entering directory '/home/bci/ros_powerball/build/schunk_lwa4p/CMakeFiles/CMakeTmp'
Building C object CMakeFiles/cmTC_4375c.dir/CheckSymbolExists.c.o
/usr/bin/cc     -o CMakeFiles/cmTC_4375c.dir/CheckSymbolExists.c.o   -c /home/bci/ros_powerball/build/schunk_lwa4p/CMakeFiles/CMakeTmp/CheckSymbolExists.c
Linking C executable cmTC_4375c
/usr/bin/cmake -E cmake_link_script CMakeFiles/cmTC_4375c.dir/link.txt --verbose=1
/usr/bin/cc       CMakeFiles/cmTC_4375c.dir/CheckSymbolExists.c.o  -o cmTC_4375c -rdynamic 
CMakeFiles/cmTC_4375c.dir/CheckSymbolExists.c.o: In function `main':
CheckSymbolExists.c:(.text+0x16): undefined reference to `pthread_create'
collect2: error: ld returned 1 exit status
CMakeFiles/cmTC_4375c.dir/build.make:97: recipe for target 'cmTC_4375c' failed
make[1]: *** [cmTC_4375c] Error 1
make[1]: Leaving directory '/home/bci/ros_powerball/build/schunk_lwa4p/CMakeFiles/CMakeTmp'
Makefile:126: recipe for target 'cmTC_4375c/fast' failed
make: *** [cmTC_4375c/fast] Error 2

File /home/bci/ros_powerball/build/schunk_lwa4p/CMakeFiles/CMakeTmp/CheckSymbolExists.c:
/* */
#include <pthread.h>

int main(int argc, char** argv)
{
  (void)argv;
#ifndef pthread_create
  return ((int*)(&pthread_create))[argc];
#else
  (void)argc;
  return 0;
#endif
}

Determining if the function pthread_create exists in the pthreads failed with the following output:
Change Dir: /home/bci/ros_powerball/build/schunk_lwa4p/CMakeFiles/CMakeTmp

Run Build Command:"/usr/bin/make" "cmTC_5ea90/fast"
/usr/bin/make -f CMakeFiles/cmTC_5ea90.dir/build.make CMakeFiles/cmTC_5ea90.dir/build
make[1]: Entering directory '/home/bci/ros_powerball/build/schunk_lwa4p/CMakeFiles/CMakeTmp'
Building C object CMakeFiles/cmTC_5ea90.dir/CheckFunctionExists.c.o
/usr/bin/cc    -DCHECK_FUNCTION_EXISTS=pthread_create   -o CMakeFiles/cmTC_5ea90.dir/CheckFunctionExists.c.o   -c /usr/share/cmake-3.5/Modules/CheckFunctionExists.c
Linking C executable cmTC_5ea90
/usr/bin/cmake -E cmake_link_script CMakeFiles/cmTC_5ea90.dir/link.txt --verbose=1
/usr/bin/cc   -DCHECK_FUNCTION_EXISTS=pthread_create    CMakeFiles/cmTC_5ea90.dir/CheckFunctionExists.c.o  -o cmTC_5ea90 -rdynamic -lpthreads 
/usr/bin/ld: cannot find -lpthreads
collect2: error: ld returned 1 exit status
CMakeFiles/cmTC_5ea90.dir/build.make:97: recipe for target 'cmTC_5ea90' failed
make[1]: *** [cmTC_5ea90] Error 1
make[1]: Leaving directory '/home/bci/ros_powerball/build/schunk_lwa4p/CMakeFiles/CMakeTmp'
Makefile:126: recipe for target 'cmTC_5ea90/fast' failed
make: *** [cmTC_5ea90/fast] Error 2


