Determining if the pthread_create exist failed with the following output:
Change Dir: /home/bci/ros_powerball/build/combined_robot_hw/CMakeFiles/CMakeTmp

Run Build Command:"/usr/bin/make" "cmTC_12fec/fast"
/usr/bin/make -f CMakeFiles/cmTC_12fec.dir/build.make CMakeFiles/cmTC_12fec.dir/build
make[1]: Entering directory '/home/bci/ros_powerball/build/combined_robot_hw/CMakeFiles/CMakeTmp'
Building C object CMakeFiles/cmTC_12fec.dir/CheckSymbolExists.c.o
/usr/bin/cc     -o CMakeFiles/cmTC_12fec.dir/CheckSymbolExists.c.o   -c /home/bci/ros_powerball/build/combined_robot_hw/CMakeFiles/CMakeTmp/CheckSymbolExists.c
Linking C executable cmTC_12fec
/usr/bin/cmake -E cmake_link_script CMakeFiles/cmTC_12fec.dir/link.txt --verbose=1
/usr/bin/cc       CMakeFiles/cmTC_12fec.dir/CheckSymbolExists.c.o  -o cmTC_12fec -rdynamic 
CMakeFiles/cmTC_12fec.dir/CheckSymbolExists.c.o: In function `main':
CheckSymbolExists.c:(.text+0x16): undefined reference to `pthread_create'
collect2: error: ld returned 1 exit status
CMakeFiles/cmTC_12fec.dir/build.make:97: recipe for target 'cmTC_12fec' failed
make[1]: *** [cmTC_12fec] Error 1
make[1]: Leaving directory '/home/bci/ros_powerball/build/combined_robot_hw/CMakeFiles/CMakeTmp'
Makefile:126: recipe for target 'cmTC_12fec/fast' failed
make: *** [cmTC_12fec/fast] Error 2

File /home/bci/ros_powerball/build/combined_robot_hw/CMakeFiles/CMakeTmp/CheckSymbolExists.c:
/* */
#include <pthread.h>

int main(int argc, char** argv)
{
  (void)argv;
#ifndef pthread_create
  return ((int*)(&pthread_create))[argc];
#else
  (void)argc;
  return 0;
#endif
}

Determining if the function pthread_create exists in the pthreads failed with the following output:
Change Dir: /home/bci/ros_powerball/build/combined_robot_hw/CMakeFiles/CMakeTmp

Run Build Command:"/usr/bin/make" "cmTC_42beb/fast"
/usr/bin/make -f CMakeFiles/cmTC_42beb.dir/build.make CMakeFiles/cmTC_42beb.dir/build
make[1]: Entering directory '/home/bci/ros_powerball/build/combined_robot_hw/CMakeFiles/CMakeTmp'
Building C object CMakeFiles/cmTC_42beb.dir/CheckFunctionExists.c.o
/usr/bin/cc    -DCHECK_FUNCTION_EXISTS=pthread_create   -o CMakeFiles/cmTC_42beb.dir/CheckFunctionExists.c.o   -c /usr/share/cmake-3.5/Modules/CheckFunctionExists.c
Linking C executable cmTC_42beb
/usr/bin/cmake -E cmake_link_script CMakeFiles/cmTC_42beb.dir/link.txt --verbose=1
/usr/bin/cc   -DCHECK_FUNCTION_EXISTS=pthread_create    CMakeFiles/cmTC_42beb.dir/CheckFunctionExists.c.o  -o cmTC_42beb -rdynamic -lpthreads 
/usr/bin/ld: cannot find -lpthreads
collect2: error: ld returned 1 exit status
CMakeFiles/cmTC_42beb.dir/build.make:97: recipe for target 'cmTC_42beb' failed
make[1]: *** [cmTC_42beb] Error 1
make[1]: Leaving directory '/home/bci/ros_powerball/build/combined_robot_hw/CMakeFiles/CMakeTmp'
Makefile:126: recipe for target 'cmTC_42beb/fast' failed
make: *** [cmTC_42beb/fast] Error 2


